This file contains any messages produced by compilers while
running configure, to aid debugging if configure makes a mistake.

It was created by configure, which was
generated by GNU Autoconf 2.69.  Invocation command line was

  $ ./configure 

## --------- ##
## Platform. ##
## --------- ##

hostname = dan-arch
uname -m = x86_64
uname -r = 4.9.6-1-ARCH
uname -s = Linux
uname -v = #1 SMP PREEMPT Thu Jan 26 09:22:26 CET 2017

/usr/bin/uname -p = unknown
/bin/uname -X     = unknown

/bin/arch              = unknown
/usr/bin/arch -k       = unknown
/usr/convex/getsysinfo = unknown
/usr/bin/hostinfo      = unknown
/bin/machine           = unknown
/usr/bin/oslevel       = unknown
/bin/universe          = unknown

PATH: /home/daniel/Cours/synchrone/lustre-v4-III-d-linux64/bin
PATH: /home/daniel/.opam/4.02.1/bin
PATH: /home/daniel/.opam/4.02.1/bin
PATH: /usr/local/bin
PATH: /usr/local/sbin
PATH: /usr/bin
PATH: /home/daniel/.opam/4.02.1/bin/
PATH: /home/daniel/opt/bin
PATH: /home/daniel/Cours/synchrone/lustre-v4-III-d-linux64/esterelv5_21.linux/bin


## ----------- ##
## Core tests. ##
## ----------- ##

configure:1682: checking for ocp-ocamlc.opt
configure:1712: result: no
configure:1682: checking for ocamlc.opt
configure:1698: found /home/daniel/.opam/4.02.1/bin/ocamlc.opt
configure:1709: result: ocamlc.opt
configure:1734: checking for ocp-ocamlopt.opt
configure:1764: result: no
configure:1734: checking for ocamlopt.opt
configure:1750: found /home/daniel/.opam/4.02.1/bin/ocamlopt.opt
configure:1761: result: ocamlopt.opt
configure:1783: checking for ocamldep
configure:1799: found /home/daniel/.opam/4.02.1/bin/ocamldep
configure:1811: result: ocamldep
configure:1825: checking for ocamllex
configure:1841: found /home/daniel/.opam/4.02.1/bin/ocamllex
configure:1853: result: ocamllex
configure:1867: checking for ocamlyacc
configure:1883: found /home/daniel/.opam/4.02.1/bin/ocamlyacc
configure:1895: result: ocamlyacc
configure:1907: checking platform
configure:2092: creating ./config.status

## ---------------------- ##
## Running config.status. ##
## ---------------------- ##

This file was extended by config.status, which was
generated by GNU Autoconf 2.69.  Invocation command line was

  CONFIG_FILES    = 
  CONFIG_HEADERS  = 
  CONFIG_LINKS    = 
  CONFIG_COMMANDS = 
  $ ./config.status 

on dan-arch

config.status:725: creating Makefile
config.status:824: WARNING:  'Makefile.in' seems to ignore the --datarootdir setting

## ---------------- ##
## Cache variables. ##
## ---------------- ##

ac_cv_env_build_alias_set=
ac_cv_env_build_alias_value=
ac_cv_env_host_alias_set=
ac_cv_env_host_alias_value=
ac_cv_env_target_alias_set=
ac_cv_env_target_alias_value=
ac_cv_prog_OCAMLC=ocamlc.opt
ac_cv_prog_OCAMLDEP=ocamldep
ac_cv_prog_OCAMLLEX=ocamllex
ac_cv_prog_OCAMLOPT=ocamlopt.opt
ac_cv_prog_OCAMLYACC=ocamlyacc

## ----------------- ##
## Output variables. ##
## ----------------- ##

ALTERGOLIB=''
DEFS='-DPACKAGE_NAME=\"\" -DPACKAGE_TARNAME=\"\" -DPACKAGE_VERSION=\"\" -DPACKAGE_STRING=\"\" -DPACKAGE_BUGREPORT=\"\" -DPACKAGE_URL=\"\"'
ECHO_C=''
ECHO_N='-n'
ECHO_T=''
EXE=''
FUNCTORYLIB=''
LIBEXT='.a'
LIBOBJS=''
LIBS=''
LTLIBOBJS=''
OBJEXT='.o'
OCAMLBEST='opt'
OCAMLC='ocamlc.opt'
OCAMLDEP='ocamldep'
OCAMLLEX='ocamllex'
OCAMLLIB='/home/daniel/.opam/4.02.1/lib/ocaml'
OCAMLOPT='ocamlopt.opt'
OCAMLVERSION='4.02.1'
OCAMLWIN32='no'
OCAMLYACC='ocamlyacc'
PACKAGE_BUGREPORT=''
PACKAGE_NAME=''
PACKAGE_STRING=''
PACKAGE_TARNAME=''
PACKAGE_URL=''
PACKAGE_VERSION=''
PATH_SEPARATOR=':'
SHELL='/bin/sh'
bindir='${exec_prefix}/bin'
build_alias=''
datadir='${datarootdir}'
datarootdir='${prefix}/share'
docdir='${datarootdir}/doc/${PACKAGE}'
dvidir='${docdir}'
exec_prefix='${prefix}'
host_alias=''
htmldir='${docdir}'
includedir='${prefix}/include'
infodir='${datarootdir}/info'
libdir='${exec_prefix}/lib'
libexecdir='${exec_prefix}/libexec'
localedir='${datarootdir}/locale'
localstatedir='${prefix}/var'
mandir='${datarootdir}/man'
oldincludedir='/usr/include'
pdfdir='${docdir}'
prefix='/usr/local'
program_transform_name='s,x,x,'
psdir='${docdir}'
sbindir='${exec_prefix}/sbin'
sharedstatedir='${prefix}/com'
sysconfdir='${prefix}/etc'
target_alias=''

## ----------- ##
## confdefs.h. ##
## ----------- ##

/* confdefs.h */
#define PACKAGE_NAME ""
#define PACKAGE_TARNAME ""
#define PACKAGE_VERSION ""
#define PACKAGE_STRING ""
#define PACKAGE_BUGREPORT ""
#define PACKAGE_URL ""

configure: exit 0
